Using pre-set license
Built from '2020.3/staging' branch; Version is '2020.3.3f1 (76626098c1c4) revision 7758432'; Using compiler version '192528614'; Build Type 'Release'
OS: 'Windows 10 Home; OS build 19042.928; Version 2009; 64bit' Language: 'en' Physical Memory: 16244 MB
BatchMode: 1, IsHumanControllingUs: 0, StartBugReporterOnCrash: 0, Is64bit: 1, IsPro: 0

 COMMAND LINE ARGUMENTS:
C:\Program Files\Unity\Hub\Editor\2020.3.3f1\Editor\Unity.exe
-adb2
-batchMode
-noUpm
-name
AssetImportWorker0
-projectPath
C:/Users/ahnmu/Desktop/Unity/210428-Animation Assignment/ifStatementAnimation/IfStatementsAnimation
-logFile
Logs/AssetImportWorker0.log
-srvPort
54869
Successfully changed project path to: C:/Users/ahnmu/Desktop/Unity/210428-Animation Assignment/ifStatementAnimation/IfStatementsAnimation
C:/Users/ahnmu/Desktop/Unity/210428-Animation Assignment/ifStatementAnimation/IfStatementsAnimation
Using Asset Import Pipeline V2.
Refreshing native plugins compatible for Editor in 45.74 ms, found 1 plugins.
Preloading 0 native plugins for Editor in 0.00 ms.
Initialize engine version: 2020.3.3f1 (76626098c1c4)
[Subsystems] Discovering subsystems at path C:/Program Files/Unity/Hub/Editor/2020.3.3f1/Editor/Data/Resources/UnitySubsystems
[Subsystems] Discovering subsystems at path C:/Users/ahnmu/Desktop/Unity/210428-Animation Assignment/ifStatementAnimation/IfStatementsAnimation/Assets
GfxDevice: creating device client; threaded=0
Direct3D:
    Version:  Direct3D 11.0 [level 11.1]
    Renderer: NVIDIA GeForce RTX 2080 Super with Max-Q Design (ID=0x1e93)
    Vendor:   
    VRAM:     8010 MB
    Driver:   27.21.14.6231
Initialize mono
Mono path[0] = 'C:/Program Files/Unity/Hub/Editor/2020.3.3f1/Editor/Data/Managed'
Mono path[1] = 'C:/Program Files/Unity/Hub/Editor/2020.3.3f1/Editor/Data/MonoBleedingEdge/lib/mono/unityjit'
Mono config path = 'C:/Program Files/Unity/Hub/Editor/2020.3.3f1/Editor/Data/MonoBleedingEdge/etc'
Using monoOptions --debugger-agent=transport=dt_socket,embedding=1,server=y,suspend=n,address=127.0.0.1:56720
Begin MonoManager ReloadAssembly
Registering precompiled unity dll's ...
Register platform support module: C:/Program Files/Unity/Hub/Editor/2020.3.3f1/Editor/Data/PlaybackEngines/WindowsStandaloneSupport/UnityEditor.WindowsStandalone.Extensions.dll
Registered in 0.002228 seconds.
Native extension for WindowsStandalone target not found
Refreshing native plugins compatible for Editor in 29.52 ms, found 1 plugins.
Preloading 0 native plugins for Editor in 0.00 ms.
Invoked RoslynAnalysisRunner static constructor.
RoslynAnalysisRunner will not be running.
RoslynAnalysisRunner has terminated.
Mono: successfully reloaded assembly
- Completed reload, in  2.110 seconds
Platform modules already initialized, skipping
Registering precompiled user dll's ...
Registered in 0.001817 seconds.
Begin MonoManager ReloadAssembly
Symbol file LoadedFromMemory is not a mono symbol file
Native extension for WindowsStandalone target not found
Refreshing native plugins compatible for Editor in 0.26 ms, found 1 plugins.
Preloading 0 native plugins for Editor in 0.00 ms.
Invoked RoslynAnalysisRunner static constructor.
RoslynAnalysisRunner will not be running.
RoslynAnalysisRunner has terminated.
Mono: successfully reloaded assembly
- Completed reload, in  1.027 seconds
Platform modules already initialized, skipping
========================================================================
Worker process is ready to serve import requests
Launched and connected shader compiler UnityShaderCompiler.exe after 0.06 seconds
Refreshing native plugins compatible for Editor in 0.28 ms, found 1 plugins.
Preloading 0 native plugins for Editor in 0.00 ms.
Unloading 1127 Unused Serialized files (Serialized files now loaded: 0)
System memory in use before: 58.4 MB.
System memory in use after: 58.4 MB.

Unloading 12 unused Assets to reduce memory usage. Loaded Objects now: 1569.
Total: 2.396200 ms (FindLiveObjects: 0.162700 ms CreateObjectMapping: 0.071500 ms MarkObjects: 2.023400 ms  DeleteObjects: 0.137300 ms)

========================================================================
Received Import Request.
  path: Assets/Prefabs/1727752505883885639/Screenshots
  artifactKey: Guid(162d2acf7f15d86408777af09bde67b5) Importer(815301076,1909f56bfc062723c751e8b465ee728b)
Start importing Assets/Prefabs/1727752505883885639/Screenshots using Guid(162d2acf7f15d86408777af09bde67b5) Importer(815301076,1909f56bfc062723c751e8b465ee728b)  -> (artifact id: '7c0dfdc572e260336a5e499854210673') in 0.011379 seconds
  Import took 0.013465 seconds .

========================================================================
Received Prepare
Refreshing native plugins compatible for Editor in 2.45 ms, found 1 plugins.
Preloading 0 native plugins for Editor in 0.00 ms.
Unloading 5 Unused Serialized files (Serialized files now loaded: 0)
System memory in use before: 35.4 MB.
System memory in use after: 35.5 MB.

Unloading 5 unused Assets to reduce memory usage. Loaded Objects now: 1569.
Total: 1.869400 ms (FindLiveObjects: 0.262200 ms CreateObjectMapping: 0.045200 ms MarkObjects: 1.451500 ms  DeleteObjects: 0.109100 ms)

========================================================================
Received Prepare
Refreshing native plugins compatible for Editor in 1.66 ms, found 1 plugins.
Preloading 0 native plugins for Editor in 0.00 ms.
Unloading 5 Unused Serialized files (Serialized files now loaded: 0)
System memory in use before: 35.3 MB.
System memory in use after: 35.4 MB.

Unloading 5 unused Assets to reduce memory usage. Loaded Objects now: 1569.
Total: 1.945400 ms (FindLiveObjects: 0.244900 ms CreateObjectMapping: 0.077600 ms MarkObjects: 1.551700 ms  DeleteObjects: 0.069900 ms)

========================================================================
Received Prepare
Refreshing native plugins compatible for Editor in 2.78 ms, found 1 plugins.
Preloading 0 native plugins for Editor in 0.00 ms.
Unloading 5 Unused Serialized files (Serialized files now loaded: 0)
System memory in use before: 35.3 MB.
System memory in use after: 35.4 MB.

Unloading 5 unused Assets to reduce memory usage. Loaded Objects now: 1569.
Total: 2.715600 ms (FindLiveObjects: 0.237100 ms CreateObjectMapping: 0.114100 ms MarkObjects: 2.291600 ms  DeleteObjects: 0.071300 ms)

========================================================================
Received Prepare
Refreshing native plugins compatible for Editor in 2.54 ms, found 1 plugins.
Preloading 0 native plugins for Editor in 0.00 ms.
Unloading 5 Unused Serialized files (Serialized files now loaded: 0)
System memory in use before: 35.3 MB.
System memory in use after: 35.4 MB.

Unloading 5 unused Assets to reduce memory usage. Loaded Objects now: 1569.
Total: 2.422800 ms (FindLiveObjects: 0.184800 ms CreateObjectMapping: 0.078300 ms MarkObjects: 2.079400 ms  DeleteObjects: 0.078900 ms)

========================================================================
Received Prepare
Refreshing native plugins compatible for Editor in 2.58 ms, found 1 plugins.
Preloading 0 native plugins for Editor in 0.00 ms.
Unloading 5 Unused Serialized files (Serialized files now loaded: 0)
System memory in use before: 35.4 MB.
System memory in use after: 35.5 MB.

Unloading 5 unused Assets to reduce memory usage. Loaded Objects now: 1569.
Total: 3.513200 ms (FindLiveObjects: 0.445400 ms CreateObjectMapping: 0.117500 ms MarkObjects: 2.816700 ms  DeleteObjects: 0.132300 ms)

========================================================================
Received Prepare
Refreshing native plugins compatible for Editor in 1.91 ms, found 1 plugins.
Preloading 0 native plugins for Editor in 0.00 ms.
Unloading 5 Unused Serialized files (Serialized files now loaded: 0)
System memory in use before: 35.4 MB.
System memory in use after: 35.5 MB.

Unloading 5 unused Assets to reduce memory usage. Loaded Objects now: 1569.
Total: 4.889800 ms (FindLiveObjects: 0.463000 ms CreateObjectMapping: 0.109700 ms MarkObjects: 4.209500 ms  DeleteObjects: 0.077700 ms)

========================================================================
Received Prepare
Refreshing native plugins compatible for Editor in 4.45 ms, found 1 plugins.
Preloading 0 native plugins for Editor in 0.00 ms.
Unloading 5 Unused Serialized files (Serialized files now loaded: 0)
System memory in use before: 35.4 MB.
System memory in use after: 35.5 MB.

Unloading 5 unused Assets to reduce memory usage. Loaded Objects now: 1569.
Total: 5.580500 ms (FindLiveObjects: 0.303900 ms CreateObjectMapping: 0.110900 ms MarkObjects: 5.071600 ms  DeleteObjects: 0.091400 ms)

========================================================================
Received Import Request.
  Time since last request: 231.173466 seconds.
  path: Assets/Prefabs/ifstatementanim/ifstatementanim.prefab
  artifactKey: Guid(e07aaebf4bddec942b2d5c00eff1bbae) Importer(815301076,1909f56bfc062723c751e8b465ee728b)
Start importing Assets/Prefabs/ifstatementanim/ifstatementanim.prefab using Guid(e07aaebf4bddec942b2d5c00eff1bbae) Importer(815301076,1909f56bfc062723c751e8b465ee728b)  -> (artifact id: '8b252f6c91d41f83c050a66895794c62') in 0.271030 seconds
  Import took 0.276238 seconds .

========================================================================
Received Import Request.
  Time since last request: 0.007471 seconds.
  path: Assets/Prefabs/ifstatementanim/ifstatementanim.prefab
  artifactKey: Guid(e07aaebf4bddec942b2d5c00eff1bbae) Importer(815301076,1909f56bfc062723c751e8b465ee728b)
Start importing Assets/Prefabs/ifstatementanim/ifstatementanim.prefab using Guid(e07aaebf4bddec942b2d5c00eff1bbae) Importer(815301076,1909f56bfc062723c751e8b465ee728b)  -> (artifact id: '8b252f6c91d41f83c050a66895794c62') in 0.051251 seconds
  Import took 0.057232 seconds .

========================================================================
Received Prepare
Refreshing native plugins compatible for Editor in 2.67 ms, found 1 plugins.
Preloading 0 native plugins for Editor in 0.00 ms.
Unloading 5 Unused Serialized files (Serialized files now loaded: 0)
System memory in use before: 39.3 MB.
System memory in use after: 39.4 MB.

Unloading 5 unused Assets to reduce memory usage. Loaded Objects now: 1578.
Total: 4.576800 ms (FindLiveObjects: 0.286200 ms CreateObjectMapping: 0.082500 ms MarkObjects: 4.077700 ms  DeleteObjects: 0.128500 ms)

========================================================================
Received Prepare
Refreshing native plugins compatible for Editor in 3.41 ms, found 1 plugins.
Preloading 0 native plugins for Editor in 0.00 ms.
Unloading 5 Unused Serialized files (Serialized files now loaded: 0)
System memory in use before: 39.1 MB.
System memory in use after: 39.2 MB.

Unloading 5 unused Assets to reduce memory usage. Loaded Objects now: 1578.
Total: 3.766900 ms (FindLiveObjects: 0.205500 ms CreateObjectMapping: 0.120900 ms MarkObjects: 3.359400 ms  DeleteObjects: 0.078500 ms)

========================================================================
Received Prepare
Refreshing native plugins compatible for Editor in 3.19 ms, found 1 plugins.
Preloading 0 native plugins for Editor in 0.00 ms.
Unloading 5 Unused Serialized files (Serialized files now loaded: 0)
System memory in use before: 39.1 MB.
System memory in use after: 39.2 MB.

Unloading 5 unused Assets to reduce memory usage. Loaded Objects now: 1578.
Total: 4.478300 ms (FindLiveObjects: 0.188600 ms CreateObjectMapping: 0.054400 ms MarkObjects: 4.146700 ms  DeleteObjects: 0.086700 ms)

========================================================================
Received Prepare
Refreshing native plugins compatible for Editor in 2.90 ms, found 1 plugins.
Preloading 0 native plugins for Editor in 0.00 ms.
Unloading 5 Unused Serialized files (Serialized files now loaded: 0)
System memory in use before: 39.1 MB.
System memory in use after: 39.2 MB.

Unloading 5 unused Assets to reduce memory usage. Loaded Objects now: 1578.
Total: 5.179900 ms (FindLiveObjects: 0.441900 ms CreateObjectMapping: 0.098000 ms MarkObjects: 4.469200 ms  DeleteObjects: 0.140000 ms)

========================================================================
Received Prepare
Refreshing native plugins compatible for Editor in 3.73 ms, found 1 plugins.
Preloading 0 native plugins for Editor in 0.00 ms.
Unloading 5 Unused Serialized files (Serialized files now loaded: 0)
System memory in use before: 39.3 MB.
System memory in use after: 39.4 MB.

Unloading 5 unused Assets to reduce memory usage. Loaded Objects now: 1578.
Total: 5.187700 ms (FindLiveObjects: 0.885300 ms CreateObjectMapping: 0.176600 ms MarkObjects: 4.003600 ms  DeleteObjects: 0.119800 ms)

========================================================================
Received Prepare
Refreshing native plugins compatible for Editor in 3.00 ms, found 1 plugins.
Preloading 0 native plugins for Editor in 0.00 ms.
Unloading 5 Unused Serialized files (Serialized files now loaded: 0)
System memory in use before: 39.3 MB.
System memory in use after: 39.4 MB.

Unloading 5 unused Assets to reduce memory usage. Loaded Objects now: 1578.
Total: 4.843000 ms (FindLiveObjects: 0.336800 ms CreateObjectMapping: 0.110600 ms MarkObjects: 4.321100 ms  DeleteObjects: 0.073100 ms)

========================================================================
Received Prepare
Refreshing native plugins compatible for Editor in 5.17 ms, found 1 plugins.
Preloading 0 native plugins for Editor in 0.00 ms.
Unloading 5 Unused Serialized files (Serialized files now loaded: 0)
System memory in use before: 39.3 MB.
System memory in use after: 39.4 MB.

Unloading 5 unused Assets to reduce memory usage. Loaded Objects now: 1578.
Total: 3.429900 ms (FindLiveObjects: 0.213300 ms CreateObjectMapping: 0.073000 ms MarkObjects: 3.005800 ms  DeleteObjects: 0.135800 ms)

========================================================================
Received Import Request.
  Time since last request: 185.799727 seconds.
  path: Assets/Prefabs/ifstatementanim/Screenshots/ifstatementanim.png
  artifactKey: Guid(c38ac2d4aa562a74e8bc8ca991f882f9) Importer(815301076,1909f56bfc062723c751e8b465ee728b)
Start importing Assets/Prefabs/ifstatementanim/Screenshots/ifstatementanim.png using Guid(c38ac2d4aa562a74e8bc8ca991f882f9) Importer(815301076,1909f56bfc062723c751e8b465ee728b)  -> (artifact id: 'a231c2c4a283a1777ce83b33dfc4028f') in 0.127276 seconds
  Import took 0.132170 seconds .

========================================================================
Received Prepare
Refreshing native plugins compatible for Editor in 2.79 ms, found 1 plugins.
Preloading 0 native plugins for Editor in 0.00 ms.
Unloading 5 Unused Serialized files (Serialized files now loaded: 0)
System memory in use before: 39.4 MB.
System memory in use after: 39.4 MB.

Unloading 5 unused Assets to reduce memory usage. Loaded Objects now: 1579.
Total: 4.401400 ms (FindLiveObjects: 0.235000 ms CreateObjectMapping: 0.087900 ms MarkObjects: 3.896800 ms  DeleteObjects: 0.179800 ms)

========================================================================
Received Prepare
Refreshing native plugins compatible for Editor in 2.28 ms, found 1 plugins.
Preloading 0 native plugins for Editor in 0.00 ms.
Unloading 5 Unused Serialized files (Serialized files now loaded: 0)
System memory in use before: 39.2 MB.
System memory in use after: 39.3 MB.

Unloading 5 unused Assets to reduce memory usage. Loaded Objects now: 1579.
Total: 3.684000 ms (FindLiveObjects: 0.253100 ms CreateObjectMapping: 0.055300 ms MarkObjects: 3.253400 ms  DeleteObjects: 0.120300 ms)

========================================================================
Received Prepare
Refreshing native plugins compatible for Editor in 3.37 ms, found 1 plugins.
Preloading 0 native plugins for Editor in 0.00 ms.
Unloading 5 Unused Serialized files (Serialized files now loaded: 0)
System memory in use before: 39.2 MB.
System memory in use after: 39.3 MB.

Unloading 5 unused Assets to reduce memory usage. Loaded Objects now: 1579.
Total: 4.242500 ms (FindLiveObjects: 0.283800 ms CreateObjectMapping: 0.137500 ms MarkObjects: 3.719400 ms  DeleteObjects: 0.100100 ms)

========================================================================
Received Prepare
Refreshing native plugins compatible for Editor in 2.64 ms, found 1 plugins.
Preloading 0 native plugins for Editor in 0.00 ms.
Unloading 5 Unused Serialized files (Serialized files now loaded: 0)
System memory in use before: 39.2 MB.
System memory in use after: 39.3 MB.

Unloading 5 unused Assets to reduce memory usage. Loaded Objects now: 1579.
Total: 4.243100 ms (FindLiveObjects: 0.510700 ms CreateObjectMapping: 0.096500 ms MarkObjects: 3.511900 ms  DeleteObjects: 0.121800 ms)

========================================================================
Received Prepare
Refreshing native plugins compatible for Editor in 3.15 ms, found 1 plugins.
Preloading 0 native plugins for Editor in 0.00 ms.
Unloading 5 Unused Serialized files (Serialized files now loaded: 0)
System memory in use before: 39.4 MB.
System memory in use after: 39.4 MB.

Unloading 5 unused Assets to reduce memory usage. Loaded Objects now: 1579.
Total: 7.242200 ms (FindLiveObjects: 0.250800 ms CreateObjectMapping: 0.091400 ms MarkObjects: 6.755400 ms  DeleteObjects: 0.142300 ms)

========================================================================
Received Prepare
Refreshing native plugins compatible for Editor in 3.61 ms, found 1 plugins.
Preloading 0 native plugins for Editor in 0.00 ms.
Unloading 5 Unused Serialized files (Serialized files now loaded: 0)
System memory in use before: 39.4 MB.
System memory in use after: 39.4 MB.

Unloading 5 unused Assets to reduce memory usage. Loaded Objects now: 1579.
Total: 5.211100 ms (FindLiveObjects: 0.260000 ms CreateObjectMapping: 0.223800 ms MarkObjects: 4.608200 ms  DeleteObjects: 0.117300 ms)

========================================================================
Received Prepare
Refreshing native plugins compatible for Editor in 3.42 ms, found 1 plugins.
Preloading 0 native plugins for Editor in 0.00 ms.
Unloading 5 Unused Serialized files (Serialized files now loaded: 0)
System memory in use before: 39.4 MB.
System memory in use after: 39.4 MB.

Unloading 5 unused Assets to reduce memory usage. Loaded Objects now: 1579.
Total: 3.149300 ms (FindLiveObjects: 0.237400 ms CreateObjectMapping: 0.093800 ms MarkObjects: 2.700400 ms  DeleteObjects: 0.116200 ms)

AssetImportWorkerClient::OnTransportError - code=2 error=End of file
